<?xml version="1.0" encoding="UTF-8"?>
<!-- Generated by org.testng.reporters.JUnitXMLReporter -->
<testsuite ignored="0" hostname="Abhishek" failures="0" tests="3" name="Test" time="19.311" errors="0" timestamp="2024-01-13T00:25:21 IST">
  <testcase classname="testcases.RegisterTestCases" name="verifyRegisterationWithBlankData" time="2.261"/>
  <testcase classname="testcases.RegisterTestCases" name="verifyRegisterationWithValidData" time="1.704"/>
  <testcase classname="testcases.LoginTestCases" name="ValidLoginTest" time="4.491"/>
</testsuite> <!-- Test -->
