<?xml version="1.0" encoding="UTF-8"?>
<!-- Generated by org.testng.reporters.JUnitXMLReporter -->
<testsuite ignored="0" hostname="Abhishek" failures="0" tests="4" name="My Test" time="0.131" errors="0" timestamp="2023-12-27T23:40:05 IST">
  <testcase classname="Demo1.Test1" name="method1" time="0.01"/>
  <testcase classname="Demo1.Test1" name="method2" time="0.006"/>
  <testcase classname="Demo2.Test2" name="method1" time="0.001"/>
  <testcase classname="Demo2.Test2" name="method2" time="0.005"/>
</testsuite> <!-- My Test -->
