<?xml version="1.0" encoding="UTF-8"?>
<testng-results ignored="0" total="3" passed="3" failed="0" skipped="0">
  <reporter-output>
  </reporter-output>
  <suite started-at="2024-01-13T00:25:02 IST" name="Suite" finished-at="2024-01-13T00:25:21 IST" duration-ms="19311">
    <groups>
    </groups>
    <test started-at="2024-01-13T00:25:02 IST" name="Test" finished-at="2024-01-13T00:25:21 IST" duration-ms="19311">
      <class name="testcases.RegisterTestCases">
        <test-method is-config="true" signature="launchBroswer()[pri:0, instance:testcases.RegisterTestCases@543588e6]" started-at="2024-01-13T00:25:02 IST" name="launchBroswer" finished-at="2024-01-13T00:25:07 IST" duration-ms="4933" status="PASS">
          <reporter-output>
          </reporter-output>
        </test-method> <!-- launchBroswer -->
        <test-method signature="verifyRegisterationWithBlankData()[pri:0, instance:testcases.RegisterTestCases@543588e6]" started-at="2024-01-13T00:25:07 IST" name="verifyRegisterationWithBlankData" finished-at="2024-01-13T00:25:09 IST" duration-ms="2261" status="PASS">
          <reporter-output>
          </reporter-output>
        </test-method> <!-- verifyRegisterationWithBlankData -->
        <test-method signature="verifyRegisterationWithValidData()[pri:0, instance:testcases.RegisterTestCases@543588e6]" started-at="2024-01-13T00:25:09 IST" name="verifyRegisterationWithValidData" finished-at="2024-01-13T00:25:11 IST" duration-ms="1704" status="PASS">
          <reporter-output>
          </reporter-output>
        </test-method> <!-- verifyRegisterationWithValidData -->
      </class> <!-- testcases.RegisterTestCases -->
      <class name="testcases.LoginTestCases">
        <test-method is-config="true" signature="launchBroswer()[pri:0, instance:testcases.LoginTestCases@5ba3f27a]" started-at="2024-01-13T00:25:11 IST" name="launchBroswer" finished-at="2024-01-13T00:25:17 IST" duration-ms="5856" status="PASS">
          <reporter-output>
          </reporter-output>
        </test-method> <!-- launchBroswer -->
        <test-method signature="ValidLoginTest()[pri:0, instance:testcases.LoginTestCases@5ba3f27a]" started-at="2024-01-13T00:25:17 IST" name="ValidLoginTest" finished-at="2024-01-13T00:25:21 IST" duration-ms="4491" status="PASS">
          <reporter-output>
          </reporter-output>
        </test-method> <!-- ValidLoginTest -->
      </class> <!-- testcases.LoginTestCases -->
    </test> <!-- Test -->
  </suite> <!-- Suite -->
</testng-results>
